Using pre-set license
Built from '2020.3/staging' branch; Version is '2020.3.18f1 (a7d1c678663c) revision 10998214'; Using compiler version '192528614'; Build Type 'Release'
OS: 'Windows 10 Pro; OS build 19042.1348; Version 2009; 64bit' Language: 'fr' Physical Memory: 16173 MB
BatchMode: 1, IsHumanControllingUs: 0, StartBugReporterOnCrash: 0, Is64bit: 1, IsPro: 0

COMMAND LINE ARGUMENTS:
C:\Program Files\Unity\Hub\Editor\2020.3.18f1\Editor\Unity.exe
-adb2
-batchMode
-noUpm
-name
AssetImportWorker0
-projectPath
D:/Git2Test/A Cleaning Quest Fixed
-logFile
Logs/AssetImportWorker0.log
-srvPort
51540
Successfully changed project path to: D:/Git2Test/A Cleaning Quest Fixed
D:/Git2Test/A Cleaning Quest Fixed
Using Asset Import Pipeline V2.
Refreshing native plugins compatible for Editor in 34.44 ms, found 3 plugins.
Preloading 0 native plugins for Editor in 0.00 ms.
Initialize engine version: 2020.3.18f1 (a7d1c678663c)
[Subsystems] Discovering subsystems at path C:/Program Files/Unity/Hub/Editor/2020.3.18f1/Editor/Data/Resources/UnitySubsystems
[Subsystems] Discovering subsystems at path D:/Git2Test/A Cleaning Quest Fixed/Assets
GfxDevice: creating device client; threaded=0
Direct3D:
    Version:  Direct3D 11.0 [level 11.1]
    Renderer: NVIDIA Quadro P620 (ID=0x1cbd)
    Vendor:   
    VRAM:     4021 MB
    Driver:   27.21.14.5763
Initialize mono
Mono path[0] = 'C:/Program Files/Unity/Hub/Editor/2020.3.18f1/Editor/Data/Managed'
Mono path[1] = 'C:/Program Files/Unity/Hub/Editor/2020.3.18f1/Editor/Data/MonoBleedingEdge/lib/mono/unityjit'
Mono config path = 'C:/Program Files/Unity/Hub/Editor/2020.3.18f1/Editor/Data/MonoBleedingEdge/etc'
Using monoOptions --debugger-agent=transport=dt_socket,embedding=1,server=y,suspend=n,address=127.0.0.1:56076
Begin MonoManager ReloadAssembly
Registering precompiled unity dll's ...
Register platform support module: C:/Program Files/Unity/Hub/Editor/2020.3.18f1/Editor/Data/PlaybackEngines/WindowsStandaloneSupport/UnityEditor.WindowsStandalone.Extensions.dll
Registered in 0.001600 seconds.
Native extension for WindowsStandalone target not found
Refreshing native plugins compatible for Editor in 33.45 ms, found 3 plugins.
Preloading 0 native plugins for Editor in 0.00 ms.
Mono: successfully reloaded assembly
- Completed reload, in  0.921 seconds
Domain Reload Profiling:
	ReloadAssembly (921ms)
		BeginReloadAssembly (44ms)
			ExecutionOrderSort (0ms)
			DisableScriptedObjects (0ms)
			BackupInstance (0ms)
			ReleaseScriptingObjects (0ms)
			CreateAndSetChildDomain (1ms)
		EndReloadAssembly (356ms)
			LoadAssemblies (42ms)
			RebuildTransferFunctionScriptingTraits (0ms)
			SetupTypeCache (136ms)
			ReleaseScriptCaches (0ms)
			RebuildScriptCaches (25ms)
			SetupLoadedEditorAssemblies (137ms)
				LogAssemblyErrors (0ms)
				InitializePlatformSupportModulesInManaged (3ms)
				SetLoadedEditorAssemblies (0ms)
				RefreshPlugins (34ms)
				BeforeProcessingInitializeOnLoad (13ms)
				ProcessInitializeOnLoadAttributes (62ms)
				ProcessInitializeOnLoadMethodAttributes (25ms)
				AfterProcessingInitializeOnLoad (0ms)
				EditorAssembliesLoaded (0ms)
			ExecutionOrderSort2 (0ms)
			AwakeInstancesAfterBackupRestoration (0ms)
Platform modules already initialized, skipping
Registering precompiled user dll's ...
Registered in 0.002141 seconds.
Begin MonoManager ReloadAssembly
Native extension for WindowsStandalone target not found
Refreshing native plugins compatible for Editor in 37.62 ms, found 3 plugins.
Preloading 0 native plugins for Editor in 0.00 ms.
Mono: successfully reloaded assembly
- Completed reload, in  0.920 seconds
Domain Reload Profiling:
	ReloadAssembly (921ms)
		BeginReloadAssembly (119ms)
			ExecutionOrderSort (0ms)
			DisableScriptedObjects (4ms)
			BackupInstance (0ms)
			ReleaseScriptingObjects (0ms)
			CreateAndSetChildDomain (15ms)
		EndReloadAssembly (751ms)
			LoadAssemblies (76ms)
			RebuildTransferFunctionScriptingTraits (0ms)
			SetupTypeCache (244ms)
			ReleaseScriptCaches (0ms)
			RebuildScriptCaches (39ms)
			SetupLoadedEditorAssemblies (288ms)
				LogAssemblyErrors (0ms)
				InitializePlatformSupportModulesInManaged (3ms)
				SetLoadedEditorAssemblies (0ms)
				RefreshPlugins (38ms)
				BeforeProcessingInitializeOnLoad (64ms)
				ProcessInitializeOnLoadAttributes (167ms)
				ProcessInitializeOnLoadMethodAttributes (11ms)
				AfterProcessingInitializeOnLoad (5ms)
				EditorAssembliesLoaded (0ms)
			ExecutionOrderSort2 (0ms)
			AwakeInstancesAfterBackupRestoration (6ms)
Platform modules already initialized, skipping
========================================================================
Worker process is ready to serve import requests
Launched and connected shader compiler UnityShaderCompiler.exe after 0.05 seconds
Refreshing native plugins compatible for Editor in 0.41 ms, found 3 plugins.
Preloading 0 native plugins for Editor in 0.00 ms.
Unloading 2092 Unused Serialized files (Serialized files now loaded: 0)
System memory in use before: 93.5 MB.
System memory in use after: 93.5 MB.

Unloading 26 unused Assets to reduce memory usage. Loaded Objects now: 2533.
Total: 2.581700 ms (FindLiveObjects: 0.226900 ms CreateObjectMapping: 0.086500 ms MarkObjects: 2.214200 ms  DeleteObjects: 0.053400 ms)

AssetImportParameters requested are different than current active one (requested -> active):
  custom:framework-win-MediaFoundation: 216162199b28c13a410421893ffa2e32 -> 
  custom:video-decoder-ogg-theora: a1e56fd34408186e4bbccfd4996cb3dc -> 
  custom:container-muxer-webm: aa71ff27fc2769a1b78a27578f13a17b -> 
  custom:container-demuxer-webm: 4f35f7cbe854078d1ac9338744f61a02 -> 
  custom:container-demuxer-ogg: 62fdf1f143b41e24485cea50d1cbac27 -> 
  custom:video-encoder-webm-vp8: eb34c28f22e8b96e1ab97ce403110664 -> 
  custom:video-decoder-webm-vp8: 9c59270c3fd7afecdb556c50c9e8de78 -> 
  custom:audio-decoder-ogg-vorbis: bf7c407c2cedff20999df2af8eb42d56 -> 
  custom:audio-encoder-webm-vorbis: bf7c407c2cedff20999df2af8eb42d56 -> 
========================================================================
Received Import Request.
  path: Assets/Sprite/sprite attaque paladin degat.png
  artifactKey: Guid(f56edbc255ff1c24f9c28f7aea9ffe8f) Importer(815301076,1909f56bfc062723c751e8b465ee728b)
Start importing Assets/Sprite/sprite attaque paladin degat.png using Guid(f56edbc255ff1c24f9c28f7aea9ffe8f) Importer(815301076,1909f56bfc062723c751e8b465ee728b)  -> (artifact id: '06455e66a68bb7f3f8f15ba26dc7a642') in 0.086174 seconds 
  Import took 0.088835 seconds .

========================================================================
Received Import Request.
  Time since last request: 0.000221 seconds.
  path: Assets/Sprite/paladin profil gauche  idle.png
  artifactKey: Guid(e86d252cad6f80746b992a650f6b80d0) Importer(815301076,1909f56bfc062723c751e8b465ee728b)
Start importing Assets/Sprite/paladin profil gauche  idle.png using Guid(e86d252cad6f80746b992a650f6b80d0) Importer(815301076,1909f56bfc062723c751e8b465ee728b)  -> (artifact id: '6d83739dcc9d2253e3f295a55b09ddcc') in 0.014982 seconds 
  Import took 0.019144 seconds .

========================================================================
Received Import Request.
  Time since last request: 0.000173 seconds.
  path: Assets/Sprite/paladin saut.png
  artifactKey: Guid(626a25edfe0d7294f97d131ec6148a3e) Importer(815301076,1909f56bfc062723c751e8b465ee728b)
Start importing Assets/Sprite/paladin saut.png using Guid(626a25edfe0d7294f97d131ec6148a3e) Importer(815301076,1909f56bfc062723c751e8b465ee728b)  -> (artifact id: '6f0aac9e2f0bc4d104994243efebf075') in 0.011575 seconds 
  Import took 0.021359 seconds .

========================================================================
Received Import Request.
  Time since last request: 0.000130 seconds.
  path: Assets/Sprite/PALADIN gauche degat.png
  artifactKey: Guid(727115a6aca73db4da9292060c8d14ce) Importer(815301076,1909f56bfc062723c751e8b465ee728b)
Start importing Assets/Sprite/PALADIN gauche degat.png using Guid(727115a6aca73db4da9292060c8d14ce) Importer(815301076,1909f56bfc062723c751e8b465ee728b)  -> (artifact id: '57ae1bbf2065a40f0ad52420f106fb01') in 0.012101 seconds 
  Import took 0.015254 seconds .

========================================================================
Received Import Request.
  Time since last request: 0.000180 seconds.
  path: Assets/Sprite/paladin profil gauche.png
  artifactKey: Guid(7093c3ff87b8218478a77f4e11653ec1) Importer(815301076,1909f56bfc062723c751e8b465ee728b)
Start importing Assets/Sprite/paladin profil gauche.png using Guid(7093c3ff87b8218478a77f4e11653ec1) Importer(815301076,1909f56bfc062723c751e8b465ee728b)  -> (artifact id: '0c92598b96d1c679c42e1ae44a72f7a3') in 0.012329 seconds 
  Import took 0.039689 seconds .

========================================================================
Received Import Request.
  Time since last request: 0.000173 seconds.
  path: Assets/Sprite/sprite attaque paladin.png
  artifactKey: Guid(6862b8f6280a2324a97c9331ed62af7f) Importer(815301076,1909f56bfc062723c751e8b465ee728b)
Start importing Assets/Sprite/sprite attaque paladin.png using Guid(6862b8f6280a2324a97c9331ed62af7f) Importer(815301076,1909f56bfc062723c751e8b465ee728b)  -> (artifact id: '618c797f1fcf8f5339ce25d5879cc77c') in 0.022302 seconds 
  Import took 0.025016 seconds .

========================================================================
Received Import Request.
  Time since last request: 0.000130 seconds.
  path: Assets/Sprite/paladin saut degat.png
  artifactKey: Guid(ee949b510d53f344d8b7548f27eba177) Importer(815301076,1909f56bfc062723c751e8b465ee728b)
Start importing Assets/Sprite/paladin saut degat.png using Guid(ee949b510d53f344d8b7548f27eba177) Importer(815301076,1909f56bfc062723c751e8b465ee728b)  -> (artifact id: '1c1a399440277e8315c423f369031f79') in 0.010236 seconds 
  Import took 0.014633 seconds .

========================================================================
Received Import Request.
  Time since last request: 318.696134 seconds.
  path: Assets/Sprite/Anim
  artifactKey: Guid(1e630e5c4a5821f47bdde2874aa1afb0) Importer(815301076,1909f56bfc062723c751e8b465ee728b)
Start importing Assets/Sprite/Anim using Guid(1e630e5c4a5821f47bdde2874aa1afb0) Importer(815301076,1909f56bfc062723c751e8b465ee728b)  -> (artifact id: 'a14dd147987a9961e012709b4b756009') in 0.006215 seconds 
  Import took 0.009748 seconds .

========================================================================
Received Import Request.
  Time since last request: 1.033603 seconds.
  path: Assets/Sprite/Anim/New Animation.anim
  artifactKey: Guid(de0d08824af382947b9d4d5a2e79cfc2) Importer(815301076,1909f56bfc062723c751e8b465ee728b)
Start importing Assets/Sprite/Anim/New Animation.anim using Guid(de0d08824af382947b9d4d5a2e79cfc2) Importer(815301076,1909f56bfc062723c751e8b465ee728b)  -> (artifact id: 'e9939ee29724fb61043ef881b22c0ffb') in 0.095232 seconds 
  Import took 0.099786 seconds .

========================================================================
Received Import Request.
  Time since last request: 7.137259 seconds.
  path: Assets/Sprite/Anim/Paladin_Walk.anim
  artifactKey: Guid(de0d08824af382947b9d4d5a2e79cfc2) Importer(815301076,1909f56bfc062723c751e8b465ee728b)
Start importing Assets/Sprite/Anim/Paladin_Walk.anim using Guid(de0d08824af382947b9d4d5a2e79cfc2) Importer(815301076,1909f56bfc062723c751e8b465ee728b)  -> (artifact id: '4b2ab4ff8de75c20cda54dc80fbaf285') in 0.005722 seconds 
  Import took 0.008944 seconds .

========================================================================
Received Import Request.
  Time since last request: 20.190111 seconds.
  path: Assets/Sprite/Anim/Paladin_Idle.anim
  artifactKey: Guid(de0d08824af382947b9d4d5a2e79cfc2) Importer(815301076,1909f56bfc062723c751e8b465ee728b)
Start importing Assets/Sprite/Anim/Paladin_Idle.anim using Guid(de0d08824af382947b9d4d5a2e79cfc2) Importer(815301076,1909f56bfc062723c751e8b465ee728b)  -> (artifact id: '17673071c68581ff9addd850969fdda3') in 0.005553 seconds 
  Import took 0.008389 seconds .

========================================================================
Received Prepare
Registering precompiled user dll's ...
Registered in 0.002581 seconds.
Begin MonoManager ReloadAssembly
Native extension for WindowsStandalone target not found
Refreshing native plugins compatible for Editor in 0.41 ms, found 3 plugins.
Preloading 0 native plugins for Editor in 0.00 ms.
Mono: successfully reloaded assembly
- Completed reload, in  0.858 seconds
Domain Reload Profiling:
	ReloadAssembly (858ms)
		BeginReloadAssembly (103ms)
			ExecutionOrderSort (0ms)
			DisableScriptedObjects (6ms)
			BackupInstance (0ms)
			ReleaseScriptingObjects (0ms)
			CreateAndSetChildDomain (29ms)
		EndReloadAssembly (702ms)
			LoadAssemblies (76ms)
			RebuildTransferFunctionScriptingTraits (0ms)
			SetupTypeCache (242ms)
			ReleaseScriptCaches (1ms)
			RebuildScriptCaches (37ms)
			SetupLoadedEditorAssemblies (255ms)
				LogAssemblyErrors (0ms)
				InitializePlatformSupportModulesInManaged (4ms)
				SetLoadedEditorAssemblies (0ms)
				RefreshPlugins (0ms)
				BeforeProcessingInitializeOnLoad (69ms)
				ProcessInitializeOnLoadAttributes (170ms)
				ProcessInitializeOnLoadMethodAttributes (5ms)
				AfterProcessingInitializeOnLoad (5ms)
				EditorAssembliesLoaded (0ms)
			ExecutionOrderSort2 (0ms)
			AwakeInstancesAfterBackupRestoration (9ms)
Platform modules already initialized, skipping
Refreshing native plugins compatible for Editor in 0.41 ms, found 3 plugins.
Preloading 0 native plugins for Editor in 0.00 ms.
Unloading 2082 Unused Serialized files (Serialized files now loaded: 0)
System memory in use before: 95.9 MB.
System memory in use after: 96.0 MB.

Unloading 14 unused Assets to reduce memory usage. Loaded Objects now: 2542.
Total: 3.223900 ms (FindLiveObjects: 0.178700 ms CreateObjectMapping: 0.075300 ms MarkObjects: 2.952600 ms  DeleteObjects: 0.016200 ms)

AssetImportParameters requested are different than current active one (requested -> active):
  custom:framework-win-MediaFoundation: 216162199b28c13a410421893ffa2e32 -> 
  custom:video-decoder-ogg-theora: a1e56fd34408186e4bbccfd4996cb3dc -> 
  custom:container-muxer-webm: aa71ff27fc2769a1b78a27578f13a17b -> 
  custom:container-demuxer-webm: 4f35f7cbe854078d1ac9338744f61a02 -> 
  custom:container-demuxer-ogg: 62fdf1f143b41e24485cea50d1cbac27 -> 
  custom:video-encoder-webm-vp8: eb34c28f22e8b96e1ab97ce403110664 -> 
  custom:video-decoder-webm-vp8: 9c59270c3fd7afecdb556c50c9e8de78 -> 
  custom:audio-decoder-ogg-vorbis: bf7c407c2cedff20999df2af8eb42d56 -> 
  custom:audio-encoder-webm-vorbis: bf7c407c2cedff20999df2af8eb42d56 -> 
========================================================================
Received Prepare
Registering precompiled user dll's ...
Registered in 0.002365 seconds.
Begin MonoManager ReloadAssembly
Native extension for WindowsStandalone target not found
Refreshing native plugins compatible for Editor in 0.42 ms, found 3 plugins.
Preloading 0 native plugins for Editor in 0.00 ms.
Mono: successfully reloaded assembly
- Completed reload, in  0.833 seconds
Domain Reload Profiling:
	ReloadAssembly (833ms)
		BeginReloadAssembly (92ms)
			ExecutionOrderSort (0ms)
			DisableScriptedObjects (5ms)
			BackupInstance (0ms)
			ReleaseScriptingObjects (0ms)
			CreateAndSetChildDomain (30ms)
		EndReloadAssembly (683ms)
			LoadAssemblies (78ms)
			RebuildTransferFunctionScriptingTraits (0ms)
			SetupTypeCache (239ms)
			ReleaseScriptCaches (1ms)
			RebuildScriptCaches (35ms)
			SetupLoadedEditorAssemblies (244ms)
				LogAssemblyErrors (0ms)
				InitializePlatformSupportModulesInManaged (4ms)
				SetLoadedEditorAssemblies (0ms)
				RefreshPlugins (0ms)
				BeforeProcessingInitializeOnLoad (67ms)
				ProcessInitializeOnLoadAttributes (161ms)
				ProcessInitializeOnLoadMethodAttributes (5ms)
				AfterProcessingInitializeOnLoad (6ms)
				EditorAssembliesLoaded (0ms)
			ExecutionOrderSort2 (0ms)
			AwakeInstancesAfterBackupRestoration (9ms)
Platform modules already initialized, skipping
Refreshing native plugins compatible for Editor in 0.41 ms, found 3 plugins.
Preloading 0 native plugins for Editor in 0.00 ms.
Unloading 2082 Unused Serialized files (Serialized files now loaded: 0)
System memory in use before: 95.9 MB.
System memory in use after: 96.0 MB.

Unloading 14 unused Assets to reduce memory usage. Loaded Objects now: 2545.
Total: 2.503400 ms (FindLiveObjects: 0.202600 ms CreateObjectMapping: 0.084300 ms MarkObjects: 2.202400 ms  DeleteObjects: 0.013400 ms)

AssetImportParameters requested are different than current active one (requested -> active):
  custom:framework-win-MediaFoundation: 216162199b28c13a410421893ffa2e32 -> 
  custom:video-decoder-ogg-theora: a1e56fd34408186e4bbccfd4996cb3dc -> 
  custom:container-muxer-webm: aa71ff27fc2769a1b78a27578f13a17b -> 
  custom:container-demuxer-webm: 4f35f7cbe854078d1ac9338744f61a02 -> 
  custom:container-demuxer-ogg: 62fdf1f143b41e24485cea50d1cbac27 -> 
  custom:video-encoder-webm-vp8: eb34c28f22e8b96e1ab97ce403110664 -> 
  custom:video-decoder-webm-vp8: 9c59270c3fd7afecdb556c50c9e8de78 -> 
  custom:audio-decoder-ogg-vorbis: bf7c407c2cedff20999df2af8eb42d56 -> 
  custom:audio-encoder-webm-vorbis: bf7c407c2cedff20999df2af8eb42d56 -> 
========================================================================
Received Import Request.
  Time since last request: 2864.751236 seconds.
  path: Assets/Sprite/paladin profil gauche  idle.png
  artifactKey: Guid(e86d252cad6f80746b992a650f6b80d0) Importer(815301076,1909f56bfc062723c751e8b465ee728b)
Start importing Assets/Sprite/paladin profil gauche  idle.png using Guid(e86d252cad6f80746b992a650f6b80d0) Importer(815301076,1909f56bfc062723c751e8b465ee728b)  -> (artifact id: 'd170f2eed6c3fe7c151543aab1c756b1') in 0.075677 seconds 
  Import took 0.079135 seconds .

========================================================================
Received Import Request.
  Time since last request: 223.911796 seconds.
  path: Assets/Sprite/paladin saut.png
  artifactKey: Guid(626a25edfe0d7294f97d131ec6148a3e) Importer(815301076,1909f56bfc062723c751e8b465ee728b)
Start importing Assets/Sprite/paladin saut.png using Guid(626a25edfe0d7294f97d131ec6148a3e) Importer(815301076,1909f56bfc062723c751e8b465ee728b)  -> (artifact id: 'ba51533dfe9d11e16020a19057b4b66a') in 0.014185 seconds 
  Import took 0.097350 seconds .

========================================================================
Received Import Request.
  Time since last request: 1550.597991 seconds.
  path: Assets/Sprite/big_jump.png
  artifactKey: Guid(fcc70750eeddc5a488acf109d3ab26fb) Importer(815301076,1909f56bfc062723c751e8b465ee728b)
Start importing Assets/Sprite/big_jump.png using Guid(fcc70750eeddc5a488acf109d3ab26fb) Importer(815301076,1909f56bfc062723c751e8b465ee728b)  -> (artifact id: 'ed24196d4d73127d7f4af3d7e4f6ee00') in 0.018373 seconds 
  Import took 0.022160 seconds .

AssetImportWorkerClient::OnTransportError - code=2 error=End of file
